# JRE version: Java(TM) SE Runtime Environment (8.0_77-b03) (build 1.8.0_77-b03)
# Java VM: Java HotSpot(TM) 64-Bit Server VM (25.77-b03 mixed mode windows-amd64 compressed oops)
Heap:
 PSYoungGen      total 124928K, used 105245K [0x000000076b980000, 0x0000000774600000, 0x00000007c0000000)
  eden space 107008K, 86% used [0x000000076b980000,0x00000007713a71e8,0x0000000772200000)
  from space 17920K, 72% used [0x0000000773480000,0x00000007741205b0,0x0000000774600000)
  to   space 18432K, 0% used [0x0000000772200000,0x0000000772200000,0x0000000773400000)
 ParOldGen       total 110080K, used 25708K [0x00000006c2c00000, 0x00000006c9780000, 0x000000076b980000)
  object space 110080K, 23% used [0x00000006c2c00000,0x00000006c451b3f0,0x00000006c9780000)
 Metaspace       used 25562K, capacity 26116K, committed 26160K, reserved 1073152K
  class space    used 2940K, capacity 3088K, committed 3120K, reserved 1048576K
GC Heap History (10 events):
Event: 7.803 GC heap before
{Heap before GC invocations=5 (full 0):
 PSYoungGen      total 75776K, used 75768K [0x000000076b980000, 0x0000000770e00000, 0x00000007c0000000)
  eden space 65024K, 100% used [0x000000076b980000,0x000000076f900000,0x000000076f900000)
  from space 10752K, 99% used [0x0000000770380000,0x0000000770dfe050,0x0000000770e00000)
  to   space 10752K, 0% used [0x000000076f900000,0x000000076f900000,0x0000000770380000)
 ParOldGen       total 173568K, used 9098K [0x00000006c2c00000, 0x00000006cd580000, 0x000000076b980000)
  object space 173568K, 5% used [0x00000006c2c00000,0x00000006c34e2910,0x00000006cd580000)
 Metaspace       used 18640K, capacity 19154K, committed 19200K, reserved 1067008K
  class space    used 2157K, capacity 2304K, committed 2304K, reserved 1048576K
Event: 7.812 GC heap after
Heap after GC invocations=5 (full 0):
 PSYoungGen      total 74240K, used 10743K [0x000000076b980000, 0x0000000771b80000, 0x00000007c0000000)
  eden space 63488K, 0% used [0x000000076b980000,0x000000076b980000,0x000000076f780000)
  from space 10752K, 99% used [0x000000076f900000,0x000000077037dc40,0x0000000770380000)
  to   space 18432K, 0% used [0x0000000770980000,0x0000000770980000,0x0000000771b80000)
 ParOldGen       total 173568K, used 13265K [0x00000006c2c00000, 0x00000006cd580000, 0x000000076b980000)
  object space 173568K, 7% used [0x00000006c2c00000,0x00000006c38f47b8,0x00000006cd580000)
 Metaspace       used 18640K, capacity 19154K, committed 19200K, reserved 1067008K
  class space    used 2157K, capacity 2304K, committed 2304K, reserved 1048576K
}
Event: 7.906 GC heap before
{Heap before GC invocations=6 (full 0):
 PSYoungGen      total 74240K, used 20018K [0x000000076b980000, 0x0000000771b80000, 0x00000007c0000000)
  eden space 63488K, 14% used [0x000000076b980000,0x000000076c28ede8,0x000000076f780000)
  from space 10752K, 99% used [0x000000076f900000,0x000000077037dc40,0x0000000770380000)
  to   space 18432K, 0% used [0x0000000770980000,0x0000000770980000,0x0000000771b80000)
 ParOldGen       total 173568K, used 13265K [0x00000006c2c00000, 0x00000006cd580000, 0x000000076b980000)
  object space 173568K, 7% used [0x00000006c2c00000,0x00000006c38f47b8,0x00000006cd580000)
 Metaspace       used 20740K, capacity 21234K, committed 21296K, reserved 1069056K
  class space    used 2463K, capacity 2592K, committed 2608K, reserved 1048576K
Event: 7.912 GC heap after
Heap after GC invocations=6 (full 0):
 PSYoungGen      total 81920K, used 11496K [0x000000076b980000, 0x0000000771b80000, 0x00000007c0000000)
  eden space 63488K, 0% used [0x000000076b980000,0x000000076b980000,0x000000076f780000)
  from space 18432K, 62% used [0x0000000770980000,0x00000007714ba040,0x0000000771b80000)
  to   space 10752K, 0% used [0x000000076f900000,0x000000076f900000,0x0000000770380000)
 ParOldGen       total 173568K, used 13273K [0x00000006c2c00000, 0x00000006cd580000, 0x000000076b980000)
  object space 173568K, 7% used [0x00000006c2c00000,0x00000006c38f67b8,0x00000006cd580000)
 Metaspace       used 20740K, capacity 21234K, committed 21296K, reserved 1069056K
  class space    used 2463K, capacity 2592K, committed 2608K, reserved 1048576K
}
Event: 7.912 GC heap before
{Heap before GC invocations=7 (full 1):
 PSYoungGen      total 81920K, used 11496K [0x000000076b980000, 0x0000000771b80000, 0x00000007c0000000)
  eden space 63488K, 0% used [0x000000076b980000,0x000000076b980000,0x000000076f780000)
  from space 18432K, 62% used [0x0000000770980000,0x00000007714ba040,0x0000000771b80000)
  to   space 10752K, 0% used [0x000000076f900000,0x000000076f900000,0x0000000770380000)
 ParOldGen       total 173568K, used 13273K [0x00000006c2c00000, 0x00000006cd580000, 0x000000076b980000)
  object space 173568K, 7% used [0x00000006c2c00000,0x00000006c38f67b8,0x00000006cd580000)
 Metaspace       used 20740K, capacity 21234K, committed 21296K, reserved 1069056K
  class space    used 2463K, capacity 2592K, committed 2608K, reserved 1048576K
Event: 7.967 GC heap after
Heap after GC invocations=7 (full 1):
 PSYoungGen      total 81920K, used 0K [0x000000076b980000, 0x0000000771b80000, 0x00000007c0000000)
  eden space 63488K, 0% used [0x000000076b980000,0x000000076b980000,0x000000076f780000)
  from space 18432K, 0% used [0x0000000770980000,0x0000000770980000,0x0000000771b80000)
  to   space 10752K, 0% used [0x000000076f900000,0x000000076f900000,0x0000000770380000)
 ParOldGen       total 110080K, used 20027K [0x00000006c2c00000, 0x00000006c9780000, 0x000000076b980000)
  object space 110080K, 18% used [0x00000006c2c00000,0x00000006c3f8eee0,0x00000006c9780000)
 Metaspace       used 20740K, capacity 21234K, committed 21296K, reserved 1069056K
  class space    used 2463K, capacity 2592K, committed 2608K, reserved 1048576K
}
Event: 9.141 GC heap before
{Heap before GC invocations=8 (full 1):
 PSYoungGen      total 81920K, used 63488K [0x000000076b980000, 0x0000000771b80000, 0x00000007c0000000)
  eden space 63488K, 100% used [0x000000076b980000,0x000000076f780000,0x000000076f780000)
  from space 18432K, 0% used [0x0000000770980000,0x0000000770980000,0x0000000771b80000)
  to   space 10752K, 0% used [0x000000076f900000,0x000000076f900000,0x0000000770380000)
 ParOldGen       total 110080K, used 20027K [0x00000006c2c00000, 0x00000006c9780000, 0x000000076b980000)
  object space 110080K, 18% used [0x00000006c2c00000,0x00000006c3f8eee0,0x00000006c9780000)
 Metaspace       used 23167K, capacity 23710K, committed 23856K, reserved 1071104K
  class space    used 2674K, capacity 2820K, committed 2864K, reserved 1048576K
Event: 9.147 GC heap after
Heap after GC invocations=8 (full 1):
 PSYoungGen      total 75776K, used 10736K [0x000000076b980000, 0x0000000774780000, 0x00000007c0000000)
  eden space 65024K, 0% used [0x000000076b980000,0x000000076b980000,0x000000076f900000)
  from space 10752K, 99% used [0x000000076f900000,0x000000077037c3f0,0x0000000770380000)
  to   space 19456K, 0% used [0x0000000773480000,0x0000000773480000,0x0000000774780000)
 ParOldGen       total 110080K, used 25700K [0x00000006c2c00000, 0x00000006c9780000, 0x000000076b980000)
  object space 110080K, 23% used [0x00000006c2c00000,0x00000006c45193f0,0x00000006c9780000)
 Metaspace       used 23167K, capacity 23710K, committed 23856K, reserved 1071104K
  class space    used 2674K, capacity 2820K, committed 2864K, reserved 1048576K
}
Event: 10.178 GC heap before
{Heap before GC invocations=9 (full 1):
 PSYoungGen      total 75776K, used 75760K [0x000000076b980000, 0x0000000774780000, 0x00000007c0000000)
  eden space 65024K, 100% used [0x000000076b980000,0x000000076f900000,0x000000076f900000)
  from space 10752K, 99% used [0x000000076f900000,0x000000077037c3f0,0x0000000770380000)
  to   space 19456K, 0% used [0x0000000773480000,0x0000000773480000,0x0000000774780000)
 ParOldGen       total 110080K, used 25700K [0x00000006c2c00000, 0x00000006c9780000, 0x000000076b980000)
  object space 110080K, 23% used [0x00000006c2c00000,0x00000006c45193f0,0x00000006c9780000)
 Metaspace       used 24315K, capacity 24956K, committed 25008K, reserved 1071104K
  class space    used 2819K, capacity 2957K, committed 2992K, reserved 1048576K
Event: 10.184 GC heap after
Heap after GC invocations=9 (full 1):
 PSYoungGen      total 124928K, used 12929K [0x000000076b980000, 0x0000000774600000, 0x00000007c0000000)
  eden space 107008K, 0% used [0x000000076b980000,0x000000076b980000,0x0000000772200000)
  from space 17920K, 72% used [0x0000000773480000,0x00000007741205b0,0x0000000774600000)
  to   space 18432K, 0% used [0x0000000772200000,0x0000000772200000,0x0000000773400000)
 ParOldGen       total 110080K, used 25708K [0x00000006c2c00000, 0x00000006c9780000, 0x000000076b980000)
  object space 110080K, 23% used [0x00000006c2c00000,0x00000006c451b3f0,0x00000006c9780000)
 Metaspace       used 24315K, capacity 24956K, committed 25008K, reserved 1071104K
  class space    used 2819K, capacity 2957K, committed 2992K, reserved 1048576K
}

