# JRE version: Java(TM) SE Runtime Environment (8.0_77-b03) (build 1.8.0_77-b03)
# Java VM: Java HotSpot(TM) 64-Bit Server VM (25.77-b03 mixed mode windows-amd64 compressed oops)
Heap:
 PSYoungGen      total 117248K, used 32986K [0x000000076b980000, 0x0000000773f80000, 0x00000007c0000000)
  eden space 100352K, 19% used [0x000000076b980000,0x000000076cd092b0,0x0000000771b80000)
  from space 16896K, 76% used [0x0000000772f00000,0x0000000773bad578,0x0000000773f80000)
  to   space 18432K, 0% used [0x0000000771b80000,0x0000000771b80000,0x0000000772d80000)
 ParOldGen       total 115200K, used 25565K [0x00000006c2c00000, 0x00000006c9c80000, 0x000000076b980000)
  object space 115200K, 22% used [0x00000006c2c00000,0x00000006c44f77a0,0x00000006c9c80000)
 Metaspace       used 24375K, capacity 25028K, committed 25264K, reserved 1071104K
  class space    used 2820K, capacity 2960K, committed 2992K, reserved 1048576K
GC Heap History (10 events):
Event: 3.849 GC heap before
{Heap before GC invocations=5 (full 0):
 PSYoungGen      total 75776K, used 75768K [0x000000076b980000, 0x0000000770e00000, 0x00000007c0000000)
  eden space 65024K, 100% used [0x000000076b980000,0x000000076f900000,0x000000076f900000)
  from space 10752K, 99% used [0x0000000770380000,0x0000000770dfe050,0x0000000770e00000)
  to   space 10752K, 0% used [0x000000076f900000,0x000000076f900000,0x0000000770380000)
 ParOldGen       total 173568K, used 8819K [0x00000006c2c00000, 0x00000006cd580000, 0x000000076b980000)
  object space 173568K, 5% used [0x00000006c2c00000,0x00000006c349ccb8,0x00000006cd580000)
 Metaspace       used 18529K, capacity 19122K, committed 19200K, reserved 1067008K
  class space    used 2141K, capacity 2272K, committed 2304K, reserved 1048576K
Event: 3.856 GC heap after
Heap after GC invocations=5 (full 0):
 PSYoungGen      total 74240K, used 10744K [0x000000076b980000, 0x0000000771b80000, 0x00000007c0000000)
  eden space 63488K, 0% used [0x000000076b980000,0x000000076b980000,0x000000076f780000)
  from space 10752K, 99% used [0x000000076f900000,0x000000077037e030,0x0000000770380000)
  to   space 18432K, 0% used [0x0000000770980000,0x0000000770980000,0x0000000771b80000)
 ParOldGen       total 173568K, used 12876K [0x00000006c2c00000, 0x00000006cd580000, 0x000000076b980000)
  object space 173568K, 7% used [0x00000006c2c00000,0x00000006c38932d8,0x00000006cd580000)
 Metaspace       used 18529K, capacity 19122K, committed 19200K, reserved 1067008K
  class space    used 2141K, capacity 2272K, committed 2304K, reserved 1048576K
}
Event: 3.932 GC heap before
{Heap before GC invocations=6 (full 0):
 PSYoungGen      total 74240K, used 19730K [0x000000076b980000, 0x0000000771b80000, 0x00000007c0000000)
  eden space 63488K, 14% used [0x000000076b980000,0x000000076c2469f8,0x000000076f780000)
  from space 10752K, 99% used [0x000000076f900000,0x000000077037e030,0x0000000770380000)
  to   space 18432K, 0% used [0x0000000770980000,0x0000000770980000,0x0000000771b80000)
 ParOldGen       total 173568K, used 12876K [0x00000006c2c00000, 0x00000006cd580000, 0x000000076b980000)
  object space 173568K, 7% used [0x00000006c2c00000,0x00000006c38932d8,0x00000006cd580000)
 Metaspace       used 20689K, capacity 21234K, committed 21296K, reserved 1069056K
  class space    used 2455K, capacity 2592K, committed 2608K, reserved 1048576K
Event: 3.938 GC heap after
Heap after GC invocations=6 (full 0):
 PSYoungGen      total 81920K, used 11526K [0x000000076b980000, 0x0000000771b80000, 0x00000007c0000000)
  eden space 63488K, 0% used [0x000000076b980000,0x000000076b980000,0x000000076f780000)
  from space 18432K, 62% used [0x0000000770980000,0x00000007714c1860,0x0000000771b80000)
  to   space 10752K, 0% used [0x000000076f900000,0x000000076f900000,0x0000000770380000)
 ParOldGen       total 173568K, used 12884K [0x00000006c2c00000, 0x00000006cd580000, 0x000000076b980000)
  object space 173568K, 7% used [0x00000006c2c00000,0x00000006c38952d8,0x00000006cd580000)
 Metaspace       used 20689K, capacity 21234K, committed 21296K, reserved 1069056K
  class space    used 2455K, capacity 2592K, committed 2608K, reserved 1048576K
}
Event: 3.938 GC heap before
{Heap before GC invocations=7 (full 1):
 PSYoungGen      total 81920K, used 11526K [0x000000076b980000, 0x0000000771b80000, 0x00000007c0000000)
  eden space 63488K, 0% used [0x000000076b980000,0x000000076b980000,0x000000076f780000)
  from space 18432K, 62% used [0x0000000770980000,0x00000007714c1860,0x0000000771b80000)
  to   space 10752K, 0% used [0x000000076f900000,0x000000076f900000,0x0000000770380000)
 ParOldGen       total 173568K, used 12884K [0x00000006c2c00000, 0x00000006cd580000, 0x000000076b980000)
  object space 173568K, 7% used [0x00000006c2c00000,0x00000006c38952d8,0x00000006cd580000)
 Metaspace       used 20689K, capacity 21234K, committed 21296K, reserved 1069056K
  class space    used 2455K, capacity 2592K, committed 2608K, reserved 1048576K
Event: 3.988 GC heap after
Heap after GC invocations=7 (full 1):
 PSYoungGen      total 81920K, used 0K [0x000000076b980000, 0x0000000771b80000, 0x00000007c0000000)
  eden space 63488K, 0% used [0x000000076b980000,0x000000076b980000,0x000000076f780000)
  from space 18432K, 0% used [0x0000000770980000,0x0000000770980000,0x0000000771b80000)
  to   space 10752K, 0% used [0x000000076f900000,0x000000076f900000,0x0000000770380000)
 ParOldGen       total 115200K, used 20071K [0x00000006c2c00000, 0x00000006c9c80000, 0x000000076b980000)
  object space 115200K, 17% used [0x00000006c2c00000,0x00000006c3f99f20,0x00000006c9c80000)
 Metaspace       used 20689K, capacity 21234K, committed 21296K, reserved 1069056K
  class space    used 2455K, capacity 2592K, committed 2608K, reserved 1048576K
}
Event: 5.007 GC heap before
{Heap before GC invocations=8 (full 1):
 PSYoungGen      total 81920K, used 63488K [0x000000076b980000, 0x0000000771b80000, 0x00000007c0000000)
  eden space 63488K, 100% used [0x000000076b980000,0x000000076f780000,0x000000076f780000)
  from space 18432K, 0% used [0x0000000770980000,0x0000000770980000,0x0000000771b80000)
  to   space 10752K, 0% used [0x000000076f900000,0x000000076f900000,0x0000000770380000)
 ParOldGen       total 115200K, used 20071K [0x00000006c2c00000, 0x00000006c9c80000, 0x000000076b980000)
  object space 115200K, 17% used [0x00000006c2c00000,0x00000006c3f99f20,0x00000006c9c80000)
 Metaspace       used 23101K, capacity 23634K, committed 23856K, reserved 1071104K
  class space    used 2663K, capacity 2816K, committed 2864K, reserved 1048576K
Event: 5.013 GC heap after
Heap after GC invocations=8 (full 1):
 PSYoungGen      total 75776K, used 10743K [0x000000076b980000, 0x0000000774180000, 0x00000007c0000000)
  eden space 65024K, 0% used [0x000000076b980000,0x000000076b980000,0x000000076f900000)
  from space 10752K, 99% used [0x000000076f900000,0x000000077037de10,0x0000000770380000)
  to   space 18944K, 0% used [0x0000000772f00000,0x0000000772f00000,0x0000000774180000)
 ParOldGen       total 115200K, used 25557K [0x00000006c2c00000, 0x00000006c9c80000, 0x000000076b980000)
  object space 115200K, 22% used [0x00000006c2c00000,0x00000006c44f57a0,0x00000006c9c80000)
 Metaspace       used 23101K, capacity 23634K, committed 23856K, reserved 1071104K
  class space    used 2663K, capacity 2816K, committed 2864K, reserved 1048576K
}
Event: 6.004 GC heap before
{Heap before GC invocations=9 (full 1):
 PSYoungGen      total 75776K, used 75767K [0x000000076b980000, 0x0000000774180000, 0x00000007c0000000)
  eden space 65024K, 100% used [0x000000076b980000,0x000000076f900000,0x000000076f900000)
  from space 10752K, 99% used [0x000000076f900000,0x000000077037de10,0x0000000770380000)
  to   space 18944K, 0% used [0x0000000772f00000,0x0000000772f00000,0x0000000774180000)
 ParOldGen       total 115200K, used 25557K [0x00000006c2c00000, 0x00000006c9c80000, 0x000000076b980000)
  object space 115200K, 22% used [0x00000006c2c00000,0x00000006c44f57a0,0x00000006c9c80000)
 Metaspace       used 24331K, capacity 25020K, committed 25264K, reserved 1071104K
  class space    used 2818K, capacity 2957K, committed 2992K, reserved 1048576K
Event: 6.009 GC heap after
Heap after GC invocations=9 (full 1):
 PSYoungGen      total 117248K, used 12981K [0x000000076b980000, 0x0000000773f80000, 0x00000007c0000000)
  eden space 100352K, 0% used [0x000000076b980000,0x000000076b980000,0x0000000771b80000)
  from space 16896K, 76% used [0x0000000772f00000,0x0000000773bad578,0x0000000773f80000)
  to   space 18432K, 0% used [0x0000000771b80000,0x0000000771b80000,0x0000000772d80000)
 ParOldGen       total 115200K, used 25565K [0x00000006c2c00000, 0x00000006c9c80000, 0x000000076b980000)
  object space 115200K, 22% used [0x00000006c2c00000,0x00000006c44f77a0,0x00000006c9c80000)
 Metaspace       used 24331K, capacity 25020K, committed 25264K, reserved 1071104K
  class space    used 2818K, capacity 2957K, committed 2992K, reserved 1048576K
}

